[0m2021.02.06 23:40:04 INFO  Started: Metals version 0.9.10 in workspace 'C:\Users\Raylan\Desktop\Programming\Programming UNB\LP' for client vscode 1.53.0.[0m
[0m2021.02.06 23:40:05 INFO  time: initialize in 1.22s[0m
[0m2021.02.06 23:40:08 WARN  Build server is not auto-connectable.[0m
[0m2021.02.06 23:40:08 WARN  no build tool detected in workspace 'C:\Users\Raylan\Desktop\Programming\Programming UNB\LP'. The most common cause for this problem is that the editor was opened in the wrong working directory, for example if you use sbt then the workspace directory should contain build.sbt. [0m
[0m2021.02.08 08:36:23 INFO  Started: Metals version 0.9.10 in workspace 'C:\Users\Raylan\Desktop\Programming\Programming UNB\LP' for client vscode 1.53.0.[0m
[0m2021.02.08 08:36:24 INFO  time: initialize in 1.11s[0m
[0m2021.02.08 08:36:30 WARN  Build server is not auto-connectable.[0m
[0m2021.02.08 08:36:30 WARN  no build tool detected in workspace 'C:\Users\Raylan\Desktop\Programming\Programming UNB\LP'. The most common cause for this problem is that the editor was opened in the wrong working directory, for example if you use sbt then the workspace directory should contain build.sbt. [0m
[0m2021.02.10 16:22:58 INFO  Started: Metals version 0.9.10 in workspace 'C:\Users\Raylan\Desktop\Programming\Programming UNB\LP' for client vscode 1.53.0.[0m
[0m2021.02.10 16:22:59 INFO  time: initialize in 1.24s[0m
[0m2021.02.10 16:23:05 WARN  Build server is not auto-connectable.[0m
[0m2021.02.10 16:23:05 WARN  no build tool detected in workspace 'C:\Users\Raylan\Desktop\Programming\Programming UNB\LP'. The most common cause for this problem is that the editor was opened in the wrong working directory, for example if you use sbt then the workspace directory should contain build.sbt. [0m
[0m2021.02.10 17:23:27 INFO  shutting down Metals[0m
[0m2021.02.16 21:20:28 INFO  Started: Metals version 0.9.10 in workspace 'C:\Users\Raylan\Desktop\Programming\Programming UNB\LP' for client vscode 1.53.2.[0m
[0m2021.02.16 21:20:29 INFO  time: initialize in 0.97s[0m
[0m2021.02.16 21:20:32 WARN  Build server is not auto-connectable.[0m
[0m2021.02.16 21:20:32 WARN  no build tool detected in workspace 'C:\Users\Raylan\Desktop\Programming\Programming UNB\LP'. The most common cause for this problem is that the editor was opened in the wrong working directory, for example if you use sbt then the workspace directory should contain build.sbt. [0m
[0m2021.02.17 11:23:04 INFO  shutting down Metals[0m
[0m2021.02.21 21:35:07 INFO  Started: Metals version 0.9.10 in workspace 'C:\Users\Raylan\Desktop\Programming\Programming UNB\LP' for client vscode 1.53.2.[0m
[0m2021.02.21 21:35:08 INFO  time: initialize in 0.88s[0m
[0m2021.02.21 21:35:10 WARN  Build server is not auto-connectable.[0m
[0m2021.02.21 21:35:10 WARN  no build tool detected in workspace 'C:\Users\Raylan\Desktop\Programming\Programming UNB\LP'. The most common cause for this problem is that the editor was opened in the wrong working directory, for example if you use sbt then the workspace directory should contain build.sbt. [0m
[0m2021.02.21 21:53:05 INFO  shutting down Metals[0m
[0m2021.02.24 16:29:31 INFO  Started: Metals version 0.10.0 in workspace 'C:\Users\Raylan\Desktop\Programming\Programming UNB\LP' for client vscode 1.53.2.[0m
[0m2021.02.24 16:29:32 INFO  time: initialize in 1.01s[0m
[0m2021.02.24 16:29:34 WARN  Build server is not auto-connectable.[0m
[0m2021.02.24 16:29:34 WARN  no build tool detected in workspace 'C:\Users\Raylan\Desktop\Programming\Programming UNB\LP'. The most common cause for this problem is that the editor was opened in the wrong working directory, for example if you use sbt then the workspace directory should contain build.sbt. [0m
